{"/home/throberto/src/my-farm/src/application/usecases/farm/create-farm.ts": {"path":"/home/throberto/src/my-farm/src/application/usecases/farm/create-farm.ts","all":false,"statementMap":{"0":{"start":{"line":1,"column":0},"end":{"line":1,"column":86}},"1":{"start":{"line":2,"column":0},"end":{"line":2,"column":92}},"2":{"start":{"line":3,"column":0},"end":{"line":3,"column":0}},"3":{"start":{"line":4,"column":0},"end":{"line":4,"column":54}},"4":{"start":{"line":5,"column":0},"end":{"line":5,"column":67}},"5":{"start":{"line":6,"column":0},"end":{"line":6,"column":0}},"6":{"start":{"line":7,"column":0},"end":{"line":7,"column":31}},"7":{"start":{"line":8,"column":0},"end":{"line":8,"column":37}},"8":{"start":{"line":9,"column":0},"end":{"line":9,"column":3}},"9":{"start":{"line":10,"column":0},"end":{"line":10,"column":1}}},"s":{"0":1,"1":1,"2":1,"3":1,"4":1,"5":1,"6":1,"7":1,"8":1,"9":1},"branchMap":{"0":{"type":"branch","line":5,"loc":{"start":{"line":5,"column":2},"end":{"line":5,"column":67}},"locations":[{"start":{"line":5,"column":2},"end":{"line":5,"column":67}}]},"1":{"type":"branch","line":7,"loc":{"start":{"line":7,"column":2},"end":{"line":9,"column":3}},"locations":[{"start":{"line":7,"column":2},"end":{"line":9,"column":3}}]}},"b":{"0":[1],"1":[1]},"fnMap":{"0":{"name":"CreateFarm","decl":{"start":{"line":5,"column":2},"end":{"line":5,"column":67}},"loc":{"start":{"line":5,"column":2},"end":{"line":5,"column":67}},"line":5},"1":{"name":"execute","decl":{"start":{"line":7,"column":2},"end":{"line":9,"column":3}},"loc":{"start":{"line":7,"column":2},"end":{"line":9,"column":3}},"line":7}},"f":{"0":1,"1":1}}
,"/home/throberto/src/my-farm/src/application/usecases/farmer/create-farmer.ts": {"path":"/home/throberto/src/my-farm/src/application/usecases/farmer/create-farmer.ts","all":false,"statementMap":{"0":{"start":{"line":1,"column":0},"end":{"line":1,"column":92}},"1":{"start":{"line":2,"column":0},"end":{"line":2,"column":98}},"2":{"start":{"line":3,"column":0},"end":{"line":3,"column":0}},"3":{"start":{"line":4,"column":0},"end":{"line":4,"column":58}},"4":{"start":{"line":5,"column":0},"end":{"line":5,"column":69}},"5":{"start":{"line":6,"column":0},"end":{"line":6,"column":0}},"6":{"start":{"line":7,"column":0},"end":{"line":7,"column":31}},"7":{"start":{"line":8,"column":0},"end":{"line":8,"column":39}},"8":{"start":{"line":9,"column":0},"end":{"line":9,"column":3}},"9":{"start":{"line":10,"column":0},"end":{"line":10,"column":1}}},"s":{"0":1,"1":1,"2":1,"3":1,"4":1,"5":1,"6":1,"7":1,"8":1,"9":1},"branchMap":{"0":{"type":"branch","line":5,"loc":{"start":{"line":5,"column":2},"end":{"line":5,"column":69}},"locations":[{"start":{"line":5,"column":2},"end":{"line":5,"column":69}}]},"1":{"type":"branch","line":7,"loc":{"start":{"line":7,"column":2},"end":{"line":9,"column":3}},"locations":[{"start":{"line":7,"column":2},"end":{"line":9,"column":3}}]}},"b":{"0":[1],"1":[1]},"fnMap":{"0":{"name":"CreateFarmer","decl":{"start":{"line":5,"column":2},"end":{"line":5,"column":69}},"loc":{"start":{"line":5,"column":2},"end":{"line":5,"column":69}},"line":5},"1":{"name":"execute","decl":{"start":{"line":7,"column":2},"end":{"line":9,"column":3}},"loc":{"start":{"line":7,"column":2},"end":{"line":9,"column":3}},"line":7}},"f":{"0":1,"1":1}}
,"/home/throberto/src/my-farm/src/application/usecases/growing-season/create-growing-season.ts": {"path":"/home/throberto/src/my-farm/src/application/usecases/growing-season/create-growing-season.ts","all":false,"statementMap":{"0":{"start":{"line":1,"column":0},"end":{"line":1,"column":115}},"1":{"start":{"line":2,"column":0},"end":{"line":2,"column":121}},"2":{"start":{"line":3,"column":0},"end":{"line":3,"column":0}},"3":{"start":{"line":4,"column":0},"end":{"line":4,"column":72}},"4":{"start":{"line":5,"column":0},"end":{"line":5,"column":76}},"5":{"start":{"line":6,"column":0},"end":{"line":6,"column":0}},"6":{"start":{"line":7,"column":0},"end":{"line":7,"column":58}},"7":{"start":{"line":8,"column":0},"end":{"line":8,"column":61}},"8":{"start":{"line":9,"column":0},"end":{"line":9,"column":3}},"9":{"start":{"line":10,"column":0},"end":{"line":10,"column":1}}},"s":{"0":1,"1":1,"2":1,"3":1,"4":1,"5":1,"6":1,"7":1,"8":1,"9":1},"branchMap":{"0":{"type":"branch","line":5,"loc":{"start":{"line":5,"column":2},"end":{"line":5,"column":76}},"locations":[{"start":{"line":5,"column":2},"end":{"line":5,"column":76}}]},"1":{"type":"branch","line":7,"loc":{"start":{"line":7,"column":2},"end":{"line":9,"column":3}},"locations":[{"start":{"line":7,"column":2},"end":{"line":9,"column":3}}]}},"b":{"0":[1],"1":[1]},"fnMap":{"0":{"name":"CreateGrowingSeason","decl":{"start":{"line":5,"column":2},"end":{"line":5,"column":76}},"loc":{"start":{"line":5,"column":2},"end":{"line":5,"column":76}},"line":5},"1":{"name":"execute","decl":{"start":{"line":7,"column":2},"end":{"line":9,"column":3}},"loc":{"start":{"line":7,"column":2},"end":{"line":9,"column":3}},"line":7}},"f":{"0":1,"1":1}}
,"/home/throberto/src/my-farm/src/domain/entities/Farm.ts": {"path":"/home/throberto/src/my-farm/src/domain/entities/Farm.ts","all":false,"statementMap":{"0":{"start":{"line":1,"column":0},"end":{"line":1,"column":19}},"1":{"start":{"line":2,"column":0},"end":{"line":2,"column":41}},"2":{"start":{"line":3,"column":0},"end":{"line":3,"column":1}}},"s":{"0":1,"1":1,"2":1},"branchMap":{"0":{"type":"branch","line":2,"loc":{"start":{"line":2,"column":4},"end":{"line":2,"column":41}},"locations":[{"start":{"line":2,"column":4},"end":{"line":2,"column":41}}]}},"b":{"0":[1]},"fnMap":{"0":{"name":"Farm","decl":{"start":{"line":2,"column":4},"end":{"line":2,"column":41}},"loc":{"start":{"line":2,"column":4},"end":{"line":2,"column":41}},"line":2}},"f":{"0":1}}
,"/home/throberto/src/my-farm/src/domain/entities/Farmer.ts": {"path":"/home/throberto/src/my-farm/src/domain/entities/Farmer.ts","all":false,"statementMap":{"0":{"start":{"line":1,"column":0},"end":{"line":1,"column":21}},"1":{"start":{"line":2,"column":0},"end":{"line":2,"column":41}},"2":{"start":{"line":3,"column":0},"end":{"line":3,"column":1}}},"s":{"0":1,"1":1,"2":1},"branchMap":{"0":{"type":"branch","line":2,"loc":{"start":{"line":2,"column":4},"end":{"line":2,"column":41}},"locations":[{"start":{"line":2,"column":4},"end":{"line":2,"column":41}}]}},"b":{"0":[2]},"fnMap":{"0":{"name":"Farmer","decl":{"start":{"line":2,"column":4},"end":{"line":2,"column":41}},"loc":{"start":{"line":2,"column":4},"end":{"line":2,"column":41}},"line":2}},"f":{"0":2}}
,"/home/throberto/src/my-farm/src/domain/entities/GrowingSeason.ts": {"path":"/home/throberto/src/my-farm/src/domain/entities/GrowingSeason.ts","all":false,"statementMap":{"0":{"start":{"line":1,"column":0},"end":{"line":1,"column":28}},"1":{"start":{"line":2,"column":0},"end":{"line":2,"column":86}},"2":{"start":{"line":3,"column":0},"end":{"line":3,"column":1}}},"s":{"0":1,"1":1,"2":1},"branchMap":{"0":{"type":"branch","line":2,"loc":{"start":{"line":2,"column":4},"end":{"line":2,"column":86}},"locations":[{"start":{"line":2,"column":4},"end":{"line":2,"column":86}}]}},"b":{"0":[1]},"fnMap":{"0":{"name":"GrowingSeason","decl":{"start":{"line":2,"column":4},"end":{"line":2,"column":86}},"loc":{"start":{"line":2,"column":4},"end":{"line":2,"column":86}},"line":2}},"f":{"0":1}}
}
