TN:
SF:src/application/usecases/farm/create-farm.ts
FN:5,CreateFarm
FN:7,execute
FNF:2
FNH:2
FNDA:1,CreateFarm
FNDA:1,execute
DA:1,1
DA:2,1
DA:3,1
DA:4,1
DA:5,1
DA:6,1
DA:7,1
DA:8,1
DA:9,1
DA:10,1
LF:10
LH:10
BRDA:5,0,0,1
BRDA:7,1,0,1
BRF:2
BRH:2
end_of_record
TN:
SF:src/application/usecases/farmer/create-farmer.ts
FN:5,CreateFarmer
FN:7,execute
FNF:2
FNH:2
FNDA:1,CreateFarmer
FNDA:1,execute
DA:1,1
DA:2,1
DA:3,1
DA:4,1
DA:5,1
DA:6,1
DA:7,1
DA:8,1
DA:9,1
DA:10,1
LF:10
LH:10
BRDA:5,0,0,1
BRDA:7,1,0,1
BRF:2
BRH:2
end_of_record
TN:
SF:src/application/usecases/growing-season/create-growing-season.ts
FN:5,CreateGrowingSeason
FN:7,execute
FNF:2
FNH:2
FNDA:1,CreateGrowingSeason
FNDA:1,execute
DA:1,1
DA:2,1
DA:3,1
DA:4,1
DA:5,1
DA:6,1
DA:7,1
DA:8,1
DA:9,1
DA:10,1
LF:10
LH:10
BRDA:5,0,0,1
BRDA:7,1,0,1
BRF:2
BRH:2
end_of_record
TN:
SF:src/domain/entities/Farm.ts
FN:2,Farm
FNF:1
FNH:1
FNDA:1,Farm
DA:1,1
DA:2,1
DA:3,1
LF:3
LH:3
BRDA:2,0,0,1
BRF:1
BRH:1
end_of_record
TN:
SF:src/domain/entities/Farmer.ts
FN:2,Farmer
FNF:1
FNH:1
FNDA:2,Farmer
DA:1,1
DA:2,1
DA:3,1
LF:3
LH:3
BRDA:2,0,0,2
BRF:1
BRH:1
end_of_record
TN:
SF:src/domain/entities/GrowingSeason.ts
FN:2,GrowingSeason
FNF:1
FNH:1
FNDA:1,GrowingSeason
DA:1,1
DA:2,1
DA:3,1
LF:3
LH:3
BRDA:2,0,0,1
BRF:1
BRH:1
end_of_record
